# JRE version: Java(TM) SE Runtime Environment (8.0_05-b13) (build 1.8.0_05-b13)
# Java VM: Java HotSpot(TM) 64-Bit Server VM (25.5-b02 mixed mode windows-amd64 compressed oops)
Heap:
 PSYoungGen      total 1536K, used 1207K [0x00000000e4380000, 0x00000000e4780000, 0x0000000100000000)
  eden space 1024K, 69% used [0x00000000e4380000,0x00000000e4431fb8,0x00000000e4480000)
  from space 512K, 96% used [0x00000000e4480000,0x00000000e44fc030,0x00000000e4500000)
  to   space 1024K, 0% used [0x00000000e4680000,0x00000000e4680000,0x00000000e4780000)
 ParOldGen       total 84480K, used 521K [0x00000000aca00000, 0x00000000b1c80000, 0x00000000e4380000)
  object space 84480K, 0% used [0x00000000aca00000,0x00000000aca82560,0x00000000b1c80000)
 Metaspace       used 5054K, capacity 5170K, committed 5248K, reserved 1056768K
  class space    used 584K, capacity 627K, committed 640K, reserved 1048576K
GC Heap History (10 events):
Event: 0.224 GC heap before
{Heap before GC invocations=1 (full 0):
 PSYoungGen      total 1024K, used 512K [0x00000000e4380000, 0x00000000e4500000, 0x0000000100000000)
  eden space 512K, 100% used [0x00000000e4380000,0x00000000e4400000,0x00000000e4400000)
  from space 512K, 0% used [0x00000000e4480000,0x00000000e4480000,0x00000000e4500000)
  to   space 512K, 0% used [0x00000000e4400000,0x00000000e4400000,0x00000000e4480000)
 ParOldGen       total 84480K, used 0K [0x00000000aca00000, 0x00000000b1c80000, 0x00000000e4380000)
  object space 84480K, 0% used [0x00000000aca00000,0x00000000aca00000,0x00000000b1c80000)
 Metaspace       used 2486K, capacity 4480K, committed 4480K, reserved 1056768K
  class space    used 273K, capacity 384K, committed 384K, reserved 1048576K
Event: 0.226 GC heap after
Heap after GC invocations=1 (full 0):
 PSYoungGen      total 1024K, used 496K [0x00000000e4380000, 0x00000000e4500000, 0x0000000100000000)
  eden space 512K, 0% used [0x00000000e4380000,0x00000000e4380000,0x00000000e4400000)
  from space 512K, 96% used [0x00000000e4400000,0x00000000e447c010,0x00000000e4480000)
  to   space 512K, 0% used [0x00000000e4480000,0x00000000e4480000,0x00000000e4500000)
 ParOldGen       total 84480K, used 8K [0x00000000aca00000, 0x00000000b1c80000, 0x00000000e4380000)
  object space 84480K, 0% used [0x00000000aca00000,0x00000000aca02000,0x00000000b1c80000)
 Metaspace       used 2486K, capacity 4480K, committed 4480K, reserved 1056768K
  class space    used 273K, capacity 384K, committed 384K, reserved 1048576K
}
Event: 0.278 GC heap before
{Heap before GC invocations=2 (full 0):
 PSYoungGen      total 1024K, used 1008K [0x00000000e4380000, 0x00000000e4500000, 0x0000000100000000)
  eden space 512K, 100% used [0x00000000e4380000,0x00000000e4400000,0x00000000e4400000)
  from space 512K, 96% used [0x00000000e4400000,0x00000000e447c010,0x00000000e4480000)
  to   space 512K, 0% used [0x00000000e4480000,0x00000000e4480000,0x00000000e4500000)
 ParOldGen       total 84480K, used 8K [0x00000000aca00000, 0x00000000b1c80000, 0x00000000e4380000)
  object space 84480K, 0% used [0x00000000aca00000,0x00000000aca02000,0x00000000b1c80000)
 Metaspace       used 2860K, capacity 4588K, committed 4864K, reserved 1056768K
  class space    used 318K, capacity 424K, committed 512K, reserved 1048576K
Event: 0.280 GC heap after
Heap after GC invocations=2 (full 0):
 PSYoungGen      total 1024K, used 512K [0x00000000e4380000, 0x00000000e4580000, 0x0000000100000000)
  eden space 512K, 0% used [0x00000000e4380000,0x00000000e4380000,0x00000000e4400000)
  from space 512K, 100% used [0x00000000e4480000,0x00000000e4500000,0x00000000e4500000)
  to   space 512K, 0% used [0x00000000e4400000,0x00000000e4400000,0x00000000e4480000)
 ParOldGen       total 84480K, used 32K [0x00000000aca00000, 0x00000000b1c80000, 0x00000000e4380000)
  object space 84480K, 0% used [0x00000000aca00000,0x00000000aca08000,0x00000000b1c80000)
 Metaspace       used 2860K, capacity 4588K, committed 4864K, reserved 1056768K
  class space    used 318K, capacity 424K, committed 512K, reserved 1048576K
}
Event: 0.329 GC heap before
{Heap before GC invocations=3 (full 0):
 PSYoungGen      total 1024K, used 1024K [0x00000000e4380000, 0x00000000e4580000, 0x0000000100000000)
  eden space 512K, 100% used [0x00000000e4380000,0x00000000e4400000,0x00000000e4400000)
  from space 512K, 100% used [0x00000000e4480000,0x00000000e4500000,0x00000000e4500000)
  to   space 512K, 0% used [0x00000000e4400000,0x00000000e4400000,0x00000000e4480000)
 ParOldGen       total 84480K, used 32K [0x00000000aca00000, 0x00000000b1c80000, 0x00000000e4380000)
  object space 84480K, 0% used [0x00000000aca00000,0x00000000aca08000,0x00000000b1c80000)
 Metaspace       used 3294K, capacity 4652K, committed 4864K, reserved 1056768K
  class space    used 366K, capacity 424K, committed 512K, reserved 1048576K
Event: 0.332 GC heap after
Heap after GC invocations=3 (full 0):
 PSYoungGen      total 1024K, used 480K [0x00000000e4380000, 0x00000000e4580000, 0x0000000100000000)
  eden space 512K, 0% used [0x00000000e4380000,0x00000000e4380000,0x00000000e4400000)
  from space 512K, 93% used [0x00000000e4400000,0x00000000e4478020,0x00000000e4480000)
  to   space 512K, 0% used [0x00000000e4500000,0x00000000e4500000,0x00000000e4580000)
 ParOldGen       total 84480K, used 217K [0x00000000aca00000, 0x00000000b1c80000, 0x00000000e4380000)
  object space 84480K, 0% used [0x00000000aca00000,0x00000000aca36780,0x00000000b1c80000)
 Metaspace       used 3294K, capacity 4652K, committed 4864K, reserved 1056768K
  class space    used 366K, capacity 424K, committed 512K, reserved 1048576K
}
Event: 0.380 GC heap before
{Heap before GC invocations=4 (full 0):
 PSYoungGen      total 1024K, used 992K [0x00000000e4380000, 0x00000000e4580000, 0x0000000100000000)
  eden space 512K, 100% used [0x00000000e4380000,0x00000000e4400000,0x00000000e4400000)
  from space 512K, 93% used [0x00000000e4400000,0x00000000e4478020,0x00000000e4480000)
  to   space 512K, 0% used [0x00000000e4500000,0x00000000e4500000,0x00000000e4580000)
 ParOldGen       total 84480K, used 217K [0x00000000aca00000, 0x00000000b1c80000, 0x00000000e4380000)
  object space 84480K, 0% used [0x00000000aca00000,0x00000000aca36780,0x00000000b1c80000)
 Metaspace       used 3676K, capacity 4724K, committed 4864K, reserved 1056768K
  class space    used 424K, capacity 432K, committed 512K, reserved 1048576K
Event: 0.382 GC heap after
Heap after GC invocations=4 (full 0):
 PSYoungGen      total 1536K, used 480K [0x00000000e4380000, 0x00000000e4580000, 0x0000000100000000)
  eden space 1024K, 0% used [0x00000000e4380000,0x00000000e4380000,0x00000000e4480000)
  from space 512K, 93% used [0x00000000e4500000,0x00000000e4578020,0x00000000e4580000)
  to   space 512K, 0% used [0x00000000e4480000,0x00000000e4480000,0x00000000e4500000)
 ParOldGen       total 84480K, used 321K [0x00000000aca00000, 0x00000000b1c80000, 0x00000000e4380000)
  object space 84480K, 0% used [0x00000000aca00000,0x00000000aca506a8,0x00000000b1c80000)
 Metaspace       used 3676K, capacity 4724K, committed 4864K, reserved 1056768K
  class space    used 424K, capacity 432K, committed 512K, reserved 1048576K
}
Event: 0.474 GC heap before
{Heap before GC invocations=5 (full 0):
 PSYoungGen      total 1536K, used 1504K [0x00000000e4380000, 0x00000000e4580000, 0x0000000100000000)
  eden space 1024K, 100% used [0x00000000e4380000,0x00000000e4480000,0x00000000e4480000)
  from space 512K, 93% used [0x00000000e4500000,0x00000000e4578020,0x00000000e4580000)
  to   space 512K, 0% used [0x00000000e4480000,0x00000000e4480000,0x00000000e4500000)
 ParOldGen       total 84480K, used 321K [0x00000000aca00000, 0x00000000b1c80000, 0x00000000e4380000)
  object space 84480K, 0% used [0x00000000aca00000,0x00000000aca506a8,0x00000000b1c80000)
 Metaspace       used 4722K, capacity 4930K, committed 5248K, reserved 1056768K
  class space    used 535K, capacity 565K, committed 640K, reserved 1048576K
Event: 0.476 GC heap after
Heap after GC invocations=5 (full 0):
 PSYoungGen      total 1536K, used 496K [0x00000000e4380000, 0x00000000e4780000, 0x0000000100000000)
  eden space 1024K, 0% used [0x00000000e4380000,0x00000000e4380000,0x00000000e4480000)
  from space 512K, 96% used [0x00000000e4480000,0x00000000e44fc030,0x00000000e4500000)
  to   space 1024K, 0% used [0x00000000e4680000,0x00000000e4680000,0x00000000e4780000)
 ParOldGen       total 84480K, used 521K [0x00000000aca00000, 0x00000000b1c80000, 0x00000000e4380000)
  object space 84480K, 0% used [0x00000000aca00000,0x00000000aca82560,0x00000000b1c80000)
 Metaspace       used 4722K, capacity 4930K, committed 5248K, reserved 1056768K
  class space    used 535K, capacity 565K, committed 640K, reserved 1048576K
}

